\o Program:		@(#)$CDS: libManager version 6.1.7 - CAT35 09/07/2016 20:55 (sjfnl139) $
\o Sub version:		sub-version  s025 
\o Arguments:		-mpssession virtuoso19763 -mpshost thea.ecs.csus.edu 
\o Working Directory:	thea.ecs.csus.edu:/gaia/class/student/tiradom/demo_151
\o 64-bit offsets
\o changeWorkingDir("/gaia/class/student/tiradom/demo_151") unnecessary.
\o ddSetForcedLib("") unnecessary.
\a nrSetWindowVisibility(cdsLibManager "show")
\o MPS service: map window
\o Qt version: 		4.8.5
\o Log file is "/gaia/class/student/tiradom/demo_151/libManager.log".
\o Opening libManager window.
\a nrSetCurrentWindow(cdsLibManager)
\a nrResizeWindow(cdsLibManager list(8 31 1022 1080))
\o Loading customization file "/gaia/home/project/msdl/msdl_setup/cdk-ncsu-setup-files/cds_files/0.18u/cdsLibMgr.il"
\o Loading NCSU Library Manager customizations...done.
\o Library Manager customization server connected.
\a nrSetCurrentWindow(cdsLibManager)
\a cdsLibManager->libListBox->value = "RingOscillator"
\a cdsLibManager->libLineEdit->value = "RingOscillator"
\a cdsLibManager->cellListBox->value = "ringOsc"
\a cdsLibManager->cellLineEdit->value = "ringOsc"
\a cdsLibManager->cellListBox->value = "ringOsc_layout"
\a cdsLibManager->cellLineEdit->value = "ringOsc_layout"
\a cdsLibManager->viewListBox->value = "layout"
\a cdsLibManager->viewLineEdit->value = "layout"
\a nrSetCurrentWindow(cdsLibManager)
\a cdsLibManager->cellListBox->value = nil
\a cdsLibManager->viewLineEdit->value = ""
\a cdsLibManager->viewListBox->value = nil
\a nrListItemAction(cdsLibManager->cellListBox 3 0)
\a cdsLibManager->cellListBox->value = "ringOsc_layout"
\a cdsLibManager->viewListBox->value = "layout"
\a cdsLibManager->viewLineEdit->value = "layout"
\a cdsLibManager->viewLineEdit->value = ""
\a cdsLibManager->viewListBox->value = nil
\o MPS request: edit design
\a cdsLibManager->libListBox->value = nil
\a cdsLibManager->cellListBox->value = nil
\a cdsLibManager->libLineEdit->value = ""
\a cdsLibManager->libListBox->value = "RingOscillator"
\a cdsLibManager->libLineEdit->value = "RingOscillator"
\a cdsLibManager->cellListBox->value = "ringOsc_layout"
\a cdsLibManager->viewListBox->value = "layout"
\a cdsLibManager->viewLineEdit->value = "layout"
\a cdsLibManager->viewLineEdit->value = ""
\a cdsLibManager->viewListBox->value = nil
\a cdsLibManager->viewListBox->value = "layout"
\a cdsLibManager->viewLineEdit->value = "layout"
\a cdsLibManager->cellLineEdit->value = "ringOsc_layout"
\a nrSetCurrentWindow(cdsLibManager)
\a nrResizeWindow(cdsLibManager list(0 0 1022 1080))
\a nrSetCurrentWindow(cdsLibManager)
\a nrResizeWindow(cdsLibManager list(8 31 1022 1080))
\a cdsLibManager->viewListBox->value = "extracted"
\a cdsLibManager->viewLineEdit->value = "extracted"
\a cdsLibManager->viewListBox->value = "layout"
\a cdsLibManager->viewLineEdit->value = "layout"
\a cdsLibManager->viewListBox->value = "extracted"
\a cdsLibManager->viewLineEdit->value = "extracted"
\a nrSetCurrentWindow(cdsLibManager)
\o MPS request: edit design
\a nrListItemAction(cdsLibManager->gdmXTView 0 0)
\a cdsLibManager->viewListBox->value = nil
\a cdsLibManager->viewLineEdit->value = ""
\a cdsLibManager->cellListBox->value = "ringOsc"
\a cdsLibManager->cellLineEdit->value = "ringOsc"
\a nrSetCurrentWindow(cdsLibManager)
\a cdsLibManager->viewListBox->value = "schematic"
\a cdsLibManager->viewLineEdit->value = "schematic"
\a nrSetCurrentWindow(cdsLibManager)
\a cdsLibManager->viewListBox->value = nil
\a cdsLibManager->viewListBox->value = "schematic"
\o MPS request: edit design
\a nrListItemAction(cdsLibManager->gdmXTView 2 0)
\a cdsLibManager->cellListBox->value = "ringOsc_layout"
\a cdsLibManager->cellLineEdit->value = "ringOsc_layout"
\a cdsLibManager->viewLineEdit->value = ""
\a cdsLibManager->viewListBox->value = nil
\a nrSetCurrentWindow(cdsLibManager)
\a cdsLibManager->viewListBox->value = "extracted"
\a cdsLibManager->viewLineEdit->value = "extracted"
\o MPS request: edit design
\a nrListItemAction(cdsLibManager->gdmXTView 0 0)
\a nrSetCurrentWindow(cdsLibManager)
\a nrSetCurrentWindow(cdsLibManager)
\a cdsLibManager->cellListBox->value = "ringOsc"
\a cdsLibManager->cellLineEdit->value = "ringOsc"
\a cdsLibManager->viewLineEdit->value = ""
\a cdsLibManager->viewListBox->value = nil
\a nrSetCurrentWindow(cdsLibManager)
\a cdsLibManager->cellListBox->value = "ringOsc_layout"
\a cdsLibManager->viewListBox->value = "extracted"
\a cdsLibManager->viewLineEdit->value = "extracted"
\a cdsLibManager->cellListBox->value = "ringOsc"
\a cdsLibManager->viewLineEdit->value = ""
\a cdsLibManager->viewListBox->value = nil
\a cdsLibManager->cellListBox->value = "ringOsc_layout"
\a cdsLibManager->viewListBox->value = "extracted"
\a cdsLibManager->viewLineEdit->value = "extracted"
\a cdsLibManager->cellListBox->value = "ringOsc"
\a cdsLibManager->viewLineEdit->value = ""
\a cdsLibManager->viewListBox->value = nil
\a cdsLibManager->cellListBox->value = "ringOsc_layout"
\a cdsLibManager->viewListBox->value = "extracted"
\a cdsLibManager->viewLineEdit->value = "extracted"
\a cdsLibManager->cellListBox->value = "ringOsc"
\a cdsLibManager->viewLineEdit->value = ""
\a cdsLibManager->viewListBox->value = nil
\a cdsLibManager->cellListBox->value = nil
\a cdsLibManager->cellListBox->value = "ringOsc_layout"
\a cdsLibManager->viewListBox->value = "extracted"
\a cdsLibManager->viewLineEdit->value = "extracted"
\a cdsLibManager->cellLineEdit->value = "ringOsc_layout"
\a cdsLibManager->viewListBox->value = "layout"
\a cdsLibManager->viewLineEdit->value = "layout"
\a cdsLibManager->viewListBox->value = "extracted"
\a cdsLibManager->viewLineEdit->value = "extracted"
\o MPS request: edit design
\a nrListItemAction(cdsLibManager->gdmXTView 0 0)
\a cdsLibManager->cellListBox->value = "inv_layout"
\a cdsLibManager->cellLineEdit->value = "inv_layout"
\a cdsLibManager->viewLineEdit->value = ""
\a cdsLibManager->viewListBox->value = nil
\a cdsLibManager->viewListBox->value = "layout"
\a cdsLibManager->viewLineEdit->value = "layout"
\a nrSetCurrentWindow(cdsLibManager)
\a cdsLibManager->cellListBox->value = nil
\a cdsLibManager->viewLineEdit->value = ""
\a cdsLibManager->viewListBox->value = nil
\a nrListItemAction(cdsLibManager->cellListBox 1 0)
\a cdsLibManager->cellListBox->value = "inv_layout"
\a cdsLibManager->viewListBox->value = "layout"
\a cdsLibManager->viewLineEdit->value = "layout"
\a cdsLibManager->viewLineEdit->value = ""
\a cdsLibManager->viewListBox->value = nil
\o MPS request: edit design
\a cdsLibManager->cellLineEdit->value = "inv_layout"
\a nrSetCurrentWindow(cdsLibManager)
\a cdsLibManager->cellListBox->value = "ringOsc_layout"
\a cdsLibManager->viewListBox->value = "layout"
\a cdsLibManager->viewLineEdit->value = "layout"
\a cdsLibManager->cellLineEdit->value = "ringOsc_layout"
\a cdsLibManager->viewListBox->value = nil
\a cdsLibManager->viewListBox->value = "layout"
\o MPS request: edit design
\a nrListItemAction(cdsLibManager->gdmXTView 1 0)
\a nrSetCurrentWindow(cdsLibManager)
\a cdsLibManager->viewListBox->value = "extracted"
\a cdsLibManager->viewLineEdit->value = "extracted"
\o MPS request: edit design
\a nrListItemAction(cdsLibManager->gdmXTView 0 0)
\a cdsLibManager->viewListBox->value = "layout"
\a cdsLibManager->viewLineEdit->value = "layout"
\a nrSetCurrentWindow(cdsLibManager)
\o MPS request: edit design
\a nrListItemAction(cdsLibManager->gdmXTView 1 0)
\a nrSetCurrentWindow(cdsLibManager)
\a cdsLibManager->cellListBox->value = "ringOsc"
\a cdsLibManager->viewLineEdit->value = ""
\a cdsLibManager->viewListBox->value = nil
\a cdsLibManager->cellLineEdit->value = "ringOsc"
\a cdsLibManager->viewListBox->value = "schematic"
\a cdsLibManager->viewLineEdit->value = "schematic"
\o MPS request: edit design
\a nrListItemAction(cdsLibManager->gdmXTView 2 0)
\a nrSetCurrentWindow(cdsLibManager)
\a nrSetCurrentWindow(cdsLibManager)
\a nrResizeWindow(cdsLibManager list(0 0 1022 1080))
\a nrSetCurrentWindow(cdsLibManager)
\a nrResizeWindow(cdsLibManager list(8 31 1022 1080))
\a nrSetCurrentWindow(cdsLibManager)
\a cdsLibManager->viewListBox->value = nil
\a cdsLibManager->viewListBox->value = "schematic"
\o MPS request: edit design
\a nrListItemAction(cdsLibManager->gdmXTView 2 0)
\a nrSetCurrentWindow(cdsLibManager)
\a nrSetCurrentWindow(cdsLibManager)
\a nrSetCurrentWindow(cdsLibManager)
\a nrSetCurrentWindow(cdsLibManager)
\a nrSetCurrentWindow(cdsLibManager)
\a nrResizeWindow(cdsLibManager list(0 0 1022 1080))
\a nrResizeWindow(cdsLibManager list(8 31 1022 1080))
\a cdsLibManager->cellListBox->value = "ringOsc_layout"
\a cdsLibManager->cellLineEdit->value = "ringOsc_layout"
\a cdsLibManager->viewLineEdit->value = ""
\a cdsLibManager->viewListBox->value = nil
\a nrSetCurrentWindow(cdsLibManager)
\a cdsLibManager->viewListBox->value = "layout"
\a cdsLibManager->viewLineEdit->value = "layout"
\o MPS request: edit design
\a nrListItemAction(cdsLibManager->gdmXTView 1 0)
\a nrSetCurrentWindow(cdsLibManager)
\a nrSetCurrentWindow(cdsLibManager)
\a cdsLibManager->viewRefreshButton->value = t
\o MPS request: refresh library list
\a cdsLibManager->libListBox->value = nil
\a cdsLibManager->cellListBox->value = nil
\a cdsLibManager->viewLineEdit->value = ""
\a cdsLibManager->viewListBox->value = nil
\a cdsLibManager->cellLineEdit->value = ""
\a cdsLibManager->libLineEdit->value = ""
\a cdsLibManager->libListBox->value = "RingOscillator"
\a cdsLibManager->libLineEdit->value = "RingOscillator"
\a cdsLibManager->cellListBox->value = "ringOsc_layout"
\a cdsLibManager->cellLineEdit->value = "ringOsc_layout"
\a cdsLibManager->viewListBox->value = "layout"
\a cdsLibManager->viewLineEdit->value = "layout"
\a cdsLibManager->viewLineEdit->value = ""
\a cdsLibManager->viewListBox->value = nil
\a cdsLibManager->viewListBox->value = "layout"
\a cdsLibManager->viewLineEdit->value = "layout"
\a nrSetCurrentWindow(cdsLibManager)
\a cdsLibManager->cellListBox->value = "ringOsc"
\a cdsLibManager->viewLineEdit->value = ""
\a cdsLibManager->viewListBox->value = nil
\a cdsLibManager->cellListBox->value = "ringOsc_layout"
\a cdsLibManager->viewListBox->value = "layout"
\a cdsLibManager->viewLineEdit->value = "layout"
\a cdsLibManager->cellLineEdit->value = "ringOsc_layout"
\a cdsLibManager->viewListBox->value = "extracted"
\a cdsLibManager->viewLineEdit->value = "extracted"
\a cdsLibManager->viewListBox->value = nil
\a cdsLibManager->viewListBox->value = "extracted"
\o MPS request: edit design
\a nrListItemAction(cdsLibManager->gdmXTView 0 0)
\a cdsLibManager->viewListBox->value = "layout"
\a cdsLibManager->viewLineEdit->value = "layout"
\a nrSetCurrentWindow(cdsLibManager)
\o MPS request: edit design
\a nrListItemAction(cdsLibManager->gdmXTView 1 0)
\a nrSetCurrentWindow(cdsLibManager)
\a nrSetCurrentWindow(cdsLibManager)
\a nrResizeWindow(cdsLibManager list(0 0 1022 1080))
\o MPS service: shutdown
\o libManager is exiting.
\a nrSetWindowVisibility(cdsLibManager "hide")
\a exit(0)
