N /gnd!
? Net does not cross-match. It has 62 connections.
N /vdd!
? Net does not cross-match. It has 62 connections.
N /net14
? Net does not cross-match. It has 4 connections.
N /net15
? Net does not cross-match. It has 4 connections.
N /net16
? Net does not cross-match. It has 4 connections.
N /net3
? Net does not cross-match. It has 4 connections.
N /net4
? Net does not cross-match. It has 4 connections.
N /net5
? Net does not cross-match. It has 4 connections.
N /net6
? Net does not cross-match. It has 4 connections.
N /net7
? Net does not cross-match. It has 4 connections.
N /net8
? Net does not cross-match. It has 4 connections.
N /net29
? Net does not cross-match. It has 4 connections.
N /net30
? Net does not cross-match. It has 4 connections.
N /net31
? Net does not cross-match. It has 4 connections.
N /net32
? Net does not cross-match. It has 4 connections.
N /net17
? Net does not cross-match. It has 4 connections.
N /net18
? Net does not cross-match. It has 4 connections.
N /net19
? Net does not cross-match. It has 4 connections.
N /net20
? Net does not cross-match. It has 4 connections.
N /net21
? Net does not cross-match. It has 4 connections.
N /net22
? Net does not cross-match. It has 4 connections.
N /net23
? Net does not cross-match. It has 4 connections.
N /net24
? Net does not cross-match. It has 4 connections.
N /net9
? Net does not cross-match. It has 4 connections.
N /net10
? Net does not cross-match. It has 4 connections.
N /net11
? Net does not cross-match. It has 4 connections.
N /net12
? Net does not cross-match. It has 4 connections.
N /net25
? Net does not cross-match. It has 4 connections.
N /net26
? Net does not cross-match. It has 4 connections.
N /net27
? Net does not cross-match. It has 4 connections.
N /net28
? Net does not cross-match. It has 4 connections.
N /osc_output
? Net does not cross-match. It has 4 connections.
N /net13
? Net does not cross-match. It has 4 connections.
