*Info*    Exporting services from client ... 

*Info*    Client has finished starting ... 



*Info*    Configuring the session ...

	Library      = Project2_NAND
	Cell         = 3nand_tb
	View         = schematic
	Simulator    = spectre
	State Path   = $AXL_SETUPDB_DIR/test_states
	State Name   = Project2_NAND:3nand_tb:1_none_Interactive.0
	Results DB   = /gaia/class/student/tiradom/demo_151/Project2_NAND/3nand_tb/adexl/results/data/Interactive.0.rdb
	Results Dir  = /gaia/class/student/tiradom/cadence/simulation/Project2_NAND/3nand_tb/adexl/results/data/Interactive.0/1/Project2_NAND:3nand_tb:1
	Results Loc  = /gaia/class/student/tiradom/cadence/simulation/Project2_NAND/3nand_tb/adexl/results/data
	Project Dir  = /gaia/class/student/tiradom/cadence/simulation
	Setup DB loc = /gaia/class/student/tiradom/demo_151/Project2_NAND/3nand_tb/adexl
	File Encoding = 0


*Info*    Spectre controlMode is set "batch" due to for ICRP run.

*Info*    Spectre controlMode is set "batch".

Loading monte.cxt 





*Info*    Run start for Point ID (0 1) on testbench [
          Project2_NAND:3nand_tb:1 ].

Resetting statistical vars

*Info*    Setting parameter values ...

Setting temp(T) = 27

*Info*    Netlist Directory =
          /gaia/class/student/tiradom/cadence/simulation/Project2_NAND/3nand_tb/adexl/results/data/Interactive.0/1/Project2_NAND:3nand_tb:1/netlist


*Info*    Data Directory    =
          /gaia/class/student/tiradom/cadence/simulation/Project2_NAND/3nand_tb/adexl/results/data/Interactive.0/1/Project2_NAND:3nand_tb:1


*Info*    Creating Netlist for Point ID (0 1)

generate netlist...
Loading seCore.cxt 
Begin Incremental Netlisting Mar 25 19:27:53 2020
End netlisting Mar 25 19:27:53 2020

	The netlist is up to date.
	Time taken to compare the design with netlist:   0.0s
      ...successful.
compose simulator input file...
      ...successful.

*Info*    Running simulation on testbench [ Project2_NAND:3nand_tb:1
          ] for Point ID (0 1).

Delete psf data in /gaia/class/student/tiradom/cadence/simulation/Project2_NAND/3nand_tb/adexl/results/data/Interactive.0/1/Project2_NAND:3nand_tb:1/psf.
compose simulator input file...
      ...successful.
start simulator if needed...
      ...successful.
simulate...
To view the simulator output, right-click on the test name, result 
name, or any value in the "Results" tab of the Outputs section and 
choose "Output Log" menu option.
INFO (ADE-3071): Simulation completed successfully.
reading simulation data...
      ...successful.
*Info*    Client has finished evaluating ... 


*Info*    Run complete for Point ID (0 1) on testbench [
          Project2_NAND:3nand_tb:1 ].





